<?xml version="1.0" encoding="UTF-8"?>
<!-- Generated by org.testng.reporters.JUnitReportReporter -->
<testsuite hostname="IB-SEZ-LAP-984" failures="0" tests="1" name="com.singlestorefront.testcases.ItemManagementTest" time="41.843" errors="0" timestamp="2022-08-24T18:30:48 IST" skipped="0">
  <testcase classname="com.singlestorefront.testcases.ItemManagementTest" name="CreateItem" time="41.843"/>
  <system-out/>
</testsuite> <!-- com.singlestorefront.testcases.ItemManagementTest -->
