<?xml version="1.0" encoding="UTF-8"?>
<!-- Generated by org.testng.reporters.JUnitReportReporter -->
<testsuite hostname="IB-SEZ-LAP-984" failures="0" tests="1" name="com.singlestorefront.testcases.HomePageTest" time="28.529" errors="0" timestamp="2022-08-24T18:04:08 IST" skipped="0">
  <testcase classname="com.singlestorefront.testcases.HomePageTest" name="itempage" time="28.529"/>
  <system-out/>
</testsuite> <!-- com.singlestorefront.testcases.HomePageTest -->
