<?xml version="1.0" encoding="UTF-8"?>
<!-- Generated by org.testng.reporters.JUnitReportReporter -->
<testsuite hostname="IB-SEZ-LAP-984" failures="0" tests="2" name="com.singlestorefront.testcases.SignInPageTest" time="27.245" errors="0" timestamp="2022-06-29T19:09:31 IST" skipped="0">
  <testcase classname="com.singlestorefront.testcases.SignInPageTest" name="verifyLogoTest" time="4.977"/>
  <system-out/>
  <testcase classname="com.singlestorefront.testcases.SignInPageTest" name="loginTest" time="22.268"/>
  <system-out/>
</testsuite> <!-- com.singlestorefront.testcases.SignInPageTest -->
