<?xml version="1.0" encoding="UTF-8"?>
<!-- Generated by org.testng.reporters.JUnitReportReporter -->
<testsuite hostname="IB-SEZ-LAP-984" failures="0" tests="1" name="com.singlestorefront.testcases.HomePageTest" time="34.272" errors="0" timestamp="2022-06-30T12:48:34 IST" skipped="0">
  <testcase classname="com.singlestorefront.testcases.HomePageTest" name="itempage" time="34.272"/>
  <system-out/>
</testsuite> <!-- com.singlestorefront.testcases.HomePageTest -->
